[2022-01-23 21:32:33] merlin-logger.DEBUG: The welcome step has been displayed [] []
[2022-01-23 21:32:37] merlin-logger.DEBUG: The plugin installation step has been displayed [] []
[2022-01-23 21:32:56] merlin-logger.DEBUG: A plugin with the following data will be processed {"plugin_slug":"redux-framework","message":"Installing"} []
[2022-01-23 21:33:21] merlin-logger.DEBUG: A plugin with the following data will be processed {"plugin_slug":"redux-framework","message":"Activating"} []
[2022-01-23 21:33:22] merlin-logger.DEBUG: A plugin with the following data will be processed {"plugin_slug":"redux-framework","message":"Activating"} []
[2022-01-23 21:33:23] merlin-logger.DEBUG: A plugin with the following data will be processed {"plugin_slug":"envato-market","message":"Installing"} []
[2022-01-23 21:33:24] merlin-logger.DEBUG: A plugin with the following data was processed {"plugin_slug":"envato-market"} []
[2022-01-23 21:33:24] merlin-logger.DEBUG: A plugin with the following data will be processed {"plugin_slug":"force-regenerate-thumbnails","message":"Installing"} []
[2022-01-23 21:33:27] merlin-logger.DEBUG: A plugin with the following data was processed {"plugin_slug":"force-regenerate-thumbnails"} []
[2022-01-23 21:33:27] merlin-logger.DEBUG: A plugin with the following data will be processed {"plugin_slug":"meks-easy-ads-widget","message":"Installing"} []
[2022-01-23 21:33:29] merlin-logger.DEBUG: A plugin with the following data was processed {"plugin_slug":"meks-easy-ads-widget"} []
[2022-01-23 21:33:29] merlin-logger.DEBUG: A plugin with the following data will be processed {"plugin_slug":"meks-easy-instagram-widget","message":"Installing"} []
[2022-01-23 21:33:32] merlin-logger.DEBUG: A plugin with the following data was processed {"plugin_slug":"meks-easy-instagram-widget"} []
[2022-01-23 21:33:32] merlin-logger.DEBUG: A plugin with the following data will be processed {"plugin_slug":"meks-easy-social-share","message":"Installing"} []
[2022-01-23 21:33:34] merlin-logger.DEBUG: A plugin with the following data was processed {"plugin_slug":"meks-easy-social-share"} []
[2022-01-23 21:33:35] merlin-logger.DEBUG: A plugin with the following data will be processed {"plugin_slug":"meks-flexible-shortcodes","message":"Installing"} []
[2022-01-23 21:33:37] merlin-logger.DEBUG: A plugin with the following data was processed {"plugin_slug":"meks-flexible-shortcodes"} []
[2022-01-23 21:33:38] merlin-logger.DEBUG: A plugin with the following data will be processed {"plugin_slug":"meks-simple-flickr-widget","message":"Installing"} []
[2022-01-23 21:33:40] merlin-logger.DEBUG: A plugin with the following data was processed {"plugin_slug":"meks-simple-flickr-widget"} []
[2022-01-23 21:33:40] merlin-logger.DEBUG: A plugin with the following data will be processed {"plugin_slug":"meks-smart-author-widget","message":"Installing"} []
[2022-01-23 21:33:43] merlin-logger.DEBUG: A plugin with the following data was processed {"plugin_slug":"meks-smart-author-widget"} []
[2022-01-23 21:33:43] merlin-logger.DEBUG: A plugin with the following data will be processed {"plugin_slug":"meks-smart-social-widget","message":"Installing"} []
[2022-01-23 21:33:45] merlin-logger.DEBUG: A plugin with the following data was processed {"plugin_slug":"meks-smart-social-widget"} []
[2022-01-23 21:33:46] merlin-logger.DEBUG: A plugin with the following data will be processed {"plugin_slug":"meks-themeforest-smart-widget","message":"Installing"} []
[2022-01-23 21:33:48] merlin-logger.DEBUG: A plugin with the following data was processed {"plugin_slug":"meks-themeforest-smart-widget"} []
[2022-01-23 21:33:49] merlin-logger.DEBUG: A plugin with the following data will be processed {"plugin_slug":"meks-time-ago","message":"Installing"} []
[2022-01-23 21:33:51] merlin-logger.DEBUG: A plugin with the following data was processed {"plugin_slug":"meks-time-ago"} []
[2022-01-23 21:33:52] merlin-logger.DEBUG: A plugin with the following data will be processed {"plugin_slug":"typology-buddy","message":"Installing"} []
[2022-01-23 21:33:54] merlin-logger.DEBUG: A plugin with the following data was processed {"plugin_slug":"typology-buddy"} []
[2022-01-23 21:33:55] merlin-logger.DEBUG: A plugin with the following data will be processed {"plugin_slug":"wp-postviews","message":"Installing"} []
[2022-01-23 21:33:57] merlin-logger.DEBUG: A plugin with the following data was processed {"plugin_slug":"wp-postviews"} []
[2022-01-23 21:33:57] merlin-logger.DEBUG: A plugin with the following data will be processed {"plugin_slug":"wpforms-lite","message":"Installing"} []
[2022-01-23 21:34:13] merlin-logger.DEBUG: A plugin with the following data was processed {"plugin_slug":"wpforms-lite"} []
[2022-01-23 21:34:18] merlin-logger.DEBUG: The content import step has been displayed [] []
[2022-01-23 21:35:06] merlin-logger.INFO: The content import AJAX call will be executed with this import data {"title":"Content","data":"/home/tomleewt/public_html/wp-content/themes/typology/inc/demos/01_default/content.xml"} []
[2022-01-23 21:35:06] merlin-logger.INFO: Imported "Business" (category) [] []
[2022-01-23 21:35:06] merlin-logger.DEBUG: Term 4 remapped to 18 [] []
[2022-01-23 21:35:06] merlin-logger.INFO: Imported "Culture" (category) [] []
[2022-01-23 21:35:06] merlin-logger.DEBUG: Term 3 remapped to 19 [] []
[2022-01-23 21:35:06] merlin-logger.INFO: Imported "Humans" (category) [] []
[2022-01-23 21:35:06] merlin-logger.DEBUG: Term 2 remapped to 20 [] []
[2022-01-23 21:35:06] merlin-logger.INFO: Imported "Technology" (category) [] []
[2022-01-23 21:35:06] merlin-logger.DEBUG: Term 6 remapped to 21 [] []
[2022-01-23 21:35:06] merlin-logger.INFO: Imported "material" (post_tag) [] []
[2022-01-23 21:35:06] merlin-logger.DEBUG: Term 13 remapped to 22 [] []
[2022-01-23 21:35:06] merlin-logger.INFO: Imported "medium" (post_tag) [] []
[2022-01-23 21:35:06] merlin-logger.DEBUG: Term 12 remapped to 23 [] []
[2022-01-23 21:35:06] merlin-logger.INFO: Imported "noimages" (post_tag) [] []
[2022-01-23 21:35:06] merlin-logger.DEBUG: Term 10 remapped to 24 [] []
[2022-01-23 21:35:06] merlin-logger.INFO: Imported "paper" (post_tag) [] []
[2022-01-23 21:35:06] merlin-logger.DEBUG: Term 14 remapped to 25 [] []
[2022-01-23 21:35:06] merlin-logger.INFO: Imported "stories" (post_tag) [] []
[2022-01-23 21:35:06] merlin-logger.DEBUG: Term 8 remapped to 26 [] []
[2022-01-23 21:35:06] merlin-logger.INFO: Imported "text based" (post_tag) [] []
[2022-01-23 21:35:06] merlin-logger.DEBUG: Term 15 remapped to 27 [] []
[2022-01-23 21:35:06] merlin-logger.INFO: Imported "typography" (post_tag) [] []
[2022-01-23 21:35:06] merlin-logger.DEBUG: Term 11 remapped to 28 [] []
[2022-01-23 21:35:06] merlin-logger.INFO: Imported "writing" (post_tag) [] []
[2022-01-23 21:35:06] merlin-logger.DEBUG: Term 9 remapped to 29 [] []
[2022-01-23 21:35:06] merlin-logger.WARNING: Failed to import pa_color Black [] []
[2022-01-23 21:35:06] merlin-logger.DEBUG: Invalid taxonomy. [] []
[2022-01-23 21:35:06] merlin-logger.WARNING: Failed to import pa_color Blue [] []
[2022-01-23 21:35:06] merlin-logger.DEBUG: Invalid taxonomy. [] []
[2022-01-23 21:35:06] merlin-logger.WARNING: Failed to import product_visibility exclude-from-catalog [] []
[2022-01-23 21:35:06] merlin-logger.DEBUG: Invalid taxonomy. [] []
[2022-01-23 21:35:06] merlin-logger.WARNING: Failed to import product_visibility exclude-from-search [] []
[2022-01-23 21:35:06] merlin-logger.DEBUG: Invalid taxonomy. [] []
[2022-01-23 21:35:06] merlin-logger.WARNING: Failed to import product_type external [] []
[2022-01-23 21:35:06] merlin-logger.DEBUG: Invalid taxonomy. [] []
[2022-01-23 21:35:06] merlin-logger.WARNING: Failed to import product_visibility featured [] []
[2022-01-23 21:35:06] merlin-logger.DEBUG: Invalid taxonomy. [] []
[2022-01-23 21:35:06] merlin-logger.WARNING: Failed to import pa_color Green [] []
[2022-01-23 21:35:06] merlin-logger.DEBUG: Invalid taxonomy. [] []
[2022-01-23 21:35:06] merlin-logger.WARNING: Failed to import product_type grouped [] []
[2022-01-23 21:35:06] merlin-logger.DEBUG: Invalid taxonomy. [] []
[2022-01-23 21:35:06] merlin-logger.WARNING: Failed to import author meks1 [] []
[2022-01-23 21:35:06] merlin-logger.DEBUG: Invalid taxonomy. [] []
[2022-01-23 21:35:06] merlin-logger.WARNING: Failed to import author meks2 [] []
[2022-01-23 21:35:06] merlin-logger.DEBUG: Invalid taxonomy. [] []
[2022-01-23 21:35:06] merlin-logger.WARNING: Failed to import product_visibility outofstock [] []
[2022-01-23 21:35:06] merlin-logger.DEBUG: Invalid taxonomy. [] []
[2022-01-23 21:35:06] merlin-logger.WARNING: Failed to import product_visibility rated-1 [] []
[2022-01-23 21:35:06] merlin-logger.DEBUG: Invalid taxonomy. [] []
[2022-01-23 21:35:06] merlin-logger.WARNING: Failed to import product_visibility rated-2 [] []
[2022-01-23 21:35:06] merlin-logger.DEBUG: Invalid taxonomy. [] []
[2022-01-23 21:35:06] merlin-logger.WARNING: Failed to import product_visibility rated-3 [] []
[2022-01-23 21:35:06] merlin-logger.DEBUG: Invalid taxonomy. [] []
[2022-01-23 21:35:06] merlin-logger.WARNING: Failed to import product_visibility rated-4 [] []
[2022-01-23 21:35:06] merlin-logger.DEBUG: Invalid taxonomy. [] []
[2022-01-23 21:35:06] merlin-logger.WARNING: Failed to import product_visibility rated-5 [] []
[2022-01-23 21:35:06] merlin-logger.DEBUG: Invalid taxonomy. [] []
[2022-01-23 21:35:06] merlin-logger.WARNING: Failed to import product_type simple [] []
[2022-01-23 21:35:06] merlin-logger.DEBUG: Invalid taxonomy. [] []
[2022-01-23 21:35:06] merlin-logger.WARNING: Failed to import author skemresu [] []
[2022-01-23 21:35:06] merlin-logger.DEBUG: Invalid taxonomy. [] []
[2022-01-23 21:35:06] merlin-logger.WARNING: Failed to import product_cat Uncategorized [] []
[2022-01-23 21:35:06] merlin-logger.DEBUG: Invalid taxonomy. [] []
[2022-01-23 21:35:06] merlin-logger.WARNING: Failed to import product_type variable [] []
[2022-01-23 21:35:06] merlin-logger.DEBUG: Invalid taxonomy. [] []
[2022-01-23 21:35:06] merlin-logger.WARNING: Failed to import product_cat Clothing [] []
[2022-01-23 21:35:06] merlin-logger.DEBUG: Invalid taxonomy. [] []
[2022-01-23 21:35:06] merlin-logger.WARNING: Failed to import product_cat Hoodies [] []
[2022-01-23 21:35:06] merlin-logger.DEBUG: Invalid taxonomy. [] []
[2022-01-23 21:35:06] merlin-logger.WARNING: Failed to import product_cat Music [] []
[2022-01-23 21:35:06] merlin-logger.DEBUG: Invalid taxonomy. [] []
[2022-01-23 21:35:06] merlin-logger.WARNING: Failed to import product_cat Posters [] []
[2022-01-23 21:35:06] merlin-logger.DEBUG: Invalid taxonomy. [] []
[2022-01-23 21:35:06] merlin-logger.WARNING: Failed to import product_cat Singles [] []
[2022-01-23 21:35:06] merlin-logger.DEBUG: Invalid taxonomy. [] []
[2022-01-23 21:35:06] merlin-logger.WARNING: Failed to import product_cat T-shirts [] []
[2022-01-23 21:35:06] merlin-logger.DEBUG: Invalid taxonomy. [] []
[2022-01-23 21:35:06] merlin-logger.WARNING: Failed to import product_cat Albums [] []
[2022-01-23 21:35:06] merlin-logger.DEBUG: Invalid taxonomy. [] []
[2022-01-23 21:35:06] merlin-logger.INFO: Imported "Main Menu" (nav_menu) [] []
[2022-01-23 21:35:06] merlin-logger.DEBUG: Term 7 remapped to 30 [] []
[2022-01-23 21:35:06] merlin-logger.INFO: Imported "Social" (nav_menu) [] []
[2022-01-23 21:35:06] merlin-logger.DEBUG: Term 39 remapped to 31 [] []
[2022-01-23 21:35:06] merlin-logger.INFO: Imported " 				Home		" (Page) [] []
[2022-01-23 21:35:06] merlin-logger.DEBUG: Post 35 remapped to 3152 [] []
[2022-01-23 21:35:06] merlin-logger.INFO: Imported " 				Category		" (Navigation Menu Item) [] []
[2022-01-23 21:35:06] merlin-logger.DEBUG: Post 59 remapped to 3153 [] []
[2022-01-23 21:35:06] merlin-logger.DEBUG: Processing menu item taxonomy [] []
[2022-01-23 21:35:06] merlin-logger.DEBUG: Menu item 2 mapped to 20 [] []
[2022-01-23 21:35:06] merlin-logger.INFO: Imported " 				Features		" (Navigation Menu Item) [] []
[2022-01-23 21:35:06] merlin-logger.DEBUG: Post 63 remapped to 3154 [] []
[2022-01-23 21:35:06] merlin-logger.DEBUG: Processing menu item custom [] []
[2022-01-23 21:35:06] merlin-logger.DEBUG: Menu item 63 mapped to 3154 [] []
[2022-01-23 21:35:06] merlin-logger.INFO: Imported " 				Styleguide		" (Page) [] []
[2022-01-23 21:35:06] merlin-logger.DEBUG: Post 65 remapped to 3155 [] []
[2022-01-23 21:35:06] merlin-logger.INFO: Imported " 						" (Navigation Menu Item) [] []
[2022-01-23 21:35:06] merlin-logger.DEBUG: Post 67 remapped to 3156 [] []
[2022-01-23 21:35:06] merlin-logger.DEBUG: Processing menu item post_type [] []
[2022-01-23 21:35:06] merlin-logger.DEBUG: Menu item 65 mapped to 3155 [] []
[2022-01-23 21:35:06] merlin-logger.INFO: Imported " 				Contact		" (Page) [] []
[2022-01-23 21:35:06] merlin-logger.DEBUG: Post 170 remapped to 3157 [] []
[2022-01-23 21:35:06] merlin-logger.INFO: Imported " 						" (Navigation Menu Item) [] []
[2022-01-23 21:35:06] merlin-logger.DEBUG: Post 193 remapped to 3158 [] []
[2022-01-23 21:35:06] merlin-logger.DEBUG: Processing menu item post_type [] []
[2022-01-23 21:35:06] merlin-logger.DEBUG: Menu item 170 mapped to 3157 [] []
[2022-01-23 21:35:06] merlin-logger.INFO: Imported " 				Shortcodes		" (Page) [] []
[2022-01-23 21:35:06] merlin-logger.DEBUG: Post 194 remapped to 3159 [] []
[2022-01-23 21:35:06] merlin-logger.INFO: Imported " 						" (Navigation Menu Item) [] []
[2022-01-23 21:35:06] merlin-logger.DEBUG: Post 196 remapped to 3160 [] []
[2022-01-23 21:35:06] merlin-logger.DEBUG: Processing menu item post_type [] []
[2022-01-23 21:35:06] merlin-logger.DEBUG: Menu item 194 mapped to 3159 [] []
[2022-01-23 21:35:06] merlin-logger.INFO: Imported " 				Sample Page		" (Page) [] []
[2022-01-23 21:35:06] merlin-logger.DEBUG: Post 202 remapped to 3161 [] []
[2022-01-23 21:35:06] merlin-logger.INFO: Imported " 				Standard and Custom Widgets		" (Page) [] []
[2022-01-23 21:35:06] merlin-logger.DEBUG: Post 273 remapped to 3162 [] []
[2022-01-23 21:35:06] merlin-logger.INFO: Imported " 				Shop		" (Page) [] []
[2022-01-23 21:35:06] merlin-logger.DEBUG: Post 332 remapped to 3163 [] []
[2022-01-23 21:35:06] merlin-logger.INFO: Imported " 				Cart		" (Page) [] []
[2022-01-23 21:35:06] merlin-logger.DEBUG: Post 333 remapped to 3164 [] []
[2022-01-23 21:35:06] merlin-logger.INFO: Imported " 				Facebook		" (Navigation Menu Item) [] []
[2022-01-23 21:35:06] merlin-logger.DEBUG: Post 380 remapped to 3165 [] []
[2022-01-23 21:35:06] merlin-logger.DEBUG: Processing menu item custom [] []
[2022-01-23 21:35:06] merlin-logger.DEBUG: Menu item 380 mapped to 3165 [] []
[2022-01-23 21:35:06] merlin-logger.INFO: Imported " 				Twitter		" (Navigation Menu Item) [] []
[2022-01-23 21:35:06] merlin-logger.DEBUG: Post 381 remapped to 3166 [] []
[2022-01-23 21:35:06] merlin-logger.DEBUG: Processing menu item custom [] []
[2022-01-23 21:35:06] merlin-logger.DEBUG: Menu item 381 mapped to 3166 [] []
[2022-01-23 21:35:06] merlin-logger.INFO: Imported " 				Instagram		" (Navigation Menu Item) [] []
[2022-01-23 21:35:06] merlin-logger.DEBUG: Post 382 remapped to 3167 [] []
[2022-01-23 21:35:06] merlin-logger.DEBUG: Processing menu item custom [] []
[2022-01-23 21:35:06] merlin-logger.DEBUG: Menu item 382 mapped to 3167 [] []
[2022-01-23 21:35:06] merlin-logger.INFO: Imported " 				WordPress 5.0 blocks		" (Navigation Menu Item) [] []
[2022-01-23 21:35:06] merlin-logger.DEBUG: Post 433 remapped to 3168 [] []
[2022-01-23 21:35:06] merlin-logger.DEBUG: Processing menu item post_type [] []
[2022-01-23 21:35:06] merlin-logger.INFO: Imported " 				Page		" (Navigation Menu Item) [] []
[2022-01-23 21:35:06] merlin-logger.DEBUG: Post 474 remapped to 3169 [] []
[2022-01-23 21:35:06] merlin-logger.DEBUG: Processing menu item post_type [] []
[2022-01-23 21:35:06] merlin-logger.DEBUG: Menu item 202 mapped to 3161 [] []
[2022-01-23 21:35:06] merlin-logger.INFO: Imported " 				Post		" (Navigation Menu Item) [] []
[2022-01-23 21:35:06] merlin-logger.DEBUG: Post 475 remapped to 3170 [] []
[2022-01-23 21:35:06] merlin-logger.DEBUG: Processing menu item post_type [] []
[2022-01-23 21:35:06] merlin-logger.INFO: Imported " 						" (Navigation Menu Item) [] []
[2022-01-23 21:35:06] merlin-logger.DEBUG: Post 476 remapped to 3171 [] []
[2022-01-23 21:35:06] merlin-logger.DEBUG: Processing menu item post_type [] []
[2022-01-23 21:35:06] merlin-logger.DEBUG: Menu item 35 mapped to 3152 [] []
[2022-01-23 21:35:07] merlin-logger.INFO: Imported " 				The last time I felt it was a long time ago		" (Post) [] []
[2022-01-23 21:35:07] merlin-logger.DEBUG: Post 4 remapped to 3172 [] []
[2022-01-23 21:35:07] merlin-logger.INFO: Imported " 				The plans will soon be back in our hands		" (Post) [] []
[2022-01-23 21:35:07] merlin-logger.DEBUG: Post 9 remapped to 3173 [] []
[2022-01-23 21:35:07] merlin-logger.INFO: Imported " 				He must have hidden the plans in the pod		" (Post) [] []
[2022-01-23 21:35:07] merlin-logger.DEBUG: Post 11 remapped to 3174 [] []
[2022-01-23 21:35:07] merlin-logger.INFO: Imported " 				She is my only link to finding the secret base		" (Post) [] []
[2022-01-23 21:35:07] merlin-logger.DEBUG: Post 13 remapped to 3175 [] []
[2022-01-23 21:35:07] merlin-logger.INFO: Imported " 				You need to learn the ways of the Force		" (Post) [] []
[2022-01-23 21:35:07] merlin-logger.DEBUG: Post 15 remapped to 3176 [] []
[2022-01-23 21:35:07] merlin-logger.INFO: Imported " 				There's an energy field that controls destiny		" (Post) [] []
[2022-01-23 21:35:07] merlin-logger.DEBUG: Post 17 remapped to 3177 [] []
[2022-01-23 21:35:07] merlin-logger.INFO: Imported " 				Saving the world with meals on wheels		" (Post) [] []
[2022-01-23 21:35:07] merlin-logger.DEBUG: Post 19 remapped to 3178 [] []
[2022-01-23 21:35:07] merlin-logger.INFO: Imported " 				Give a little credit to our public schools		" (Post) [] []
[2022-01-23 21:35:07] merlin-logger.DEBUG: Post 26 remapped to 3179 [] []
[2022-01-23 21:35:07] merlin-logger.INFO: Imported " 				Have you ever tried turning off the TV?		" (Post) [] []
[2022-01-23 21:35:07] merlin-logger.DEBUG: Post 30 remapped to 3180 [] []
[2022-01-23 21:35:07] merlin-logger.INFO: Imported " 				Just like the story of the grasshopper		" (Post) [] []
[2022-01-23 21:35:07] merlin-logger.DEBUG: Post 32 remapped to 3181 [] []
[2022-01-23 21:35:07] merlin-logger.INFO: Imported " 				On second thoughts let's not go there		" (Post) [] []
[2022-01-23 21:35:07] merlin-logger.DEBUG: Post 113 remapped to 3182 [] []
[2022-01-23 21:35:07] merlin-logger.INFO: Imported " 				This habit will immediately improve your life		" (Post) [] []
[2022-01-23 21:35:07] merlin-logger.DEBUG: Post 121 remapped to 3183 [] []
[2022-01-23 21:35:07] merlin-logger.INFO: Imported " 				You should start running right now		" (Post) [] []
[2022-01-23 21:35:07] merlin-logger.DEBUG: Post 125 remapped to 3184 [] []
[2022-01-23 21:35:07] merlin-logger.INFO: Imported " 				Lessons I’ve learned by staying positive		" (Post) [] []
[2022-01-23 21:35:07] merlin-logger.DEBUG: Post 127 remapped to 3185 [] []
[2022-01-23 21:35:07] merlin-logger.INFO: Imported " 				Why do people think clouds are interesting?		" (Post) [] []
[2022-01-23 21:35:07] merlin-logger.DEBUG: Post 131 remapped to 3186 [] []
[2022-01-23 21:35:07] merlin-logger.INFO: Imported " 				Take your music with you everywhere		" (Post) [] []
[2022-01-23 21:35:07] merlin-logger.DEBUG: Post 136 remapped to 3187 [] []
[2022-01-23 21:35:07] merlin-logger.INFO: Imported " 				Your questions have become more redundant		" (Post) [] []
[2022-01-23 21:35:07] merlin-logger.DEBUG: Post 182 remapped to 3188 [] []
[2022-01-23 21:35:07] merlin-logger.INFO: Imported " 				Checkout		" (Page) [] []
[2022-01-23 21:35:07] merlin-logger.DEBUG: Post 334 remapped to 3189 [] []
[2022-01-23 21:35:07] merlin-logger.INFO: Imported " 				My account		" (Page) [] []
[2022-01-23 21:35:07] merlin-logger.DEBUG: Post 335 remapped to 3190 [] []
[2022-01-23 21:35:07] merlin-logger.INFO: Imported " 				Blocks (WP 5.0+ / Gutenberg)		" (Page) [] []
[2022-01-23 21:35:07] merlin-logger.DEBUG: Post 404 remapped to 3191 [] []
[2022-01-23 21:35:08] merlin-logger.INFO: Imported " 				What could possibly go wrong?		" (Post) [] []
[2022-01-23 21:35:08] merlin-logger.DEBUG: Post 21 remapped to 3192 [] []
[2022-01-23 21:35:08] merlin-logger.WARNING: Failed to import " 				Ship Your Idea		": Invalid post type product [] []
[2022-01-23 21:35:08] merlin-logger.INFO: Imported " 				She was having the most beautiful dream		" (Post) [] []
[2022-01-23 21:35:08] merlin-logger.DEBUG: Post 28 remapped to 3193 [] []
[2022-01-23 21:35:08] merlin-logger.WARNING: Failed to import " 				Ninja Silhouette		": Invalid post type product [] []
[2022-01-23 21:35:08] merlin-logger.WARNING: Failed to import " 				Woo Ninja		": Invalid post type product [] []
[2022-01-23 21:35:08] merlin-logger.WARNING: Failed to import " 				Happy Ninja		": Invalid post type product [] []
[2022-01-23 21:35:08] merlin-logger.WARNING: Failed to import " 				Ship Your Idea		": Invalid post type product [] []
[2022-01-23 21:35:08] merlin-logger.INFO: Imported " 				A beautiful blog with no images required		" (Post) [] []
[2022-01-23 21:35:08] merlin-logger.DEBUG: Post 47 remapped to 3194 [] []
[2022-01-23 21:35:08] merlin-logger.INFO: Imported " 				Something that I've never told anyone before		" (Post) [] []
[2022-01-23 21:35:08] merlin-logger.DEBUG: Post 101 remapped to 3195 [] []
[2022-01-23 21:35:08] merlin-logger.INFO: Imported " 				This man is a knight in shining armor		" (Post) [] []
[2022-01-23 21:35:08] merlin-logger.DEBUG: Post 103 remapped to 3196 [] []
[2022-01-23 21:35:08] merlin-logger.INFO: Imported " 				Finding a needle in a haystack isn't hard		" (Post) [] []
[2022-01-23 21:35:08] merlin-logger.DEBUG: Post 105 remapped to 3197 [] []
[2022-01-23 21:35:08] merlin-logger.INFO: Imported " 				There's only one man I've ever called a coward		" (Post) [] []
[2022-01-23 21:35:08] merlin-logger.DEBUG: Post 107 remapped to 3198 [] []
[2022-01-23 21:35:08] merlin-logger.INFO: Imported " 				Are you suggesting that coconuts migrate?		" (Post) [] []
[2022-01-23 21:35:08] merlin-logger.DEBUG: Post 109 remapped to 3199 [] []
[2022-01-23 21:35:08] merlin-logger.INFO: Imported " 				Now leave before I am forced to taunt you		" (Post) [] []
[2022-01-23 21:35:08] merlin-logger.DEBUG: Post 111 remapped to 3200 [] []
[2022-01-23 21:35:08] merlin-logger.INFO: Imported " 				Knights, I bid you welcome to your new home		" (Post) [] []
[2022-01-23 21:35:08] merlin-logger.DEBUG: Post 115 remapped to 3201 [] []
[2022-01-23 21:35:08] merlin-logger.INFO: Imported " 				Coffee may be served in a variety of ways		" (Post) [] []
[2022-01-23 21:35:08] merlin-logger.DEBUG: Post 117 remapped to 3202 [] []
[2022-01-23 21:35:08] merlin-logger.INFO: Imported " 				The simplest ways to choose the best coffee		" (Post) [] []
[2022-01-23 21:35:08] merlin-logger.DEBUG: Post 129 remapped to 3203 [] []
[2022-01-23 21:35:08] merlin-logger.INFO: Imported " 				What does your pet really think about you?		" (Post) [] []
[2022-01-23 21:35:08] merlin-logger.DEBUG: Post 134 remapped to 3204 [] []
[2022-01-23 21:35:08] merlin-logger.WARNING: Failed to import " 				Woo Logo		": Invalid post type product [] []
[2022-01-23 21:35:08] merlin-logger.WARNING: Failed to import " 				Premium Quality		": Invalid post type product [] []
[2022-01-23 21:35:08] merlin-logger.WARNING: Failed to import " 				Ship Your Idea - Black		": Invalid post type product_variation [] []
[2022-01-23 21:35:08] merlin-logger.WARNING: Failed to import " 				Ship Your Idea - Green		": Invalid post type product_variation [] []
[2022-01-23 21:35:08] merlin-logger.WARNING: Failed to import " 				Ship Your Idea - Black		": Invalid post type product_variation [] []
[2022-01-23 21:35:08] merlin-logger.WARNING: Failed to import " 				Ship Your Idea - Blue		": Invalid post type product_variation [] []
[2022-01-23 21:35:08] merlin-logger.WARNING: Failed to import " 				Patient Ninja		": Invalid post type product [] []
[2022-01-23 21:35:08] merlin-logger.WARNING: Failed to import " 				Happy Ninja		": Invalid post type product [] []
[2022-01-23 21:35:08] merlin-logger.WARNING: Failed to import " 				Ninja Silhouette		": Invalid post type product [] []
[2022-01-23 21:35:08] merlin-logger.WARNING: Failed to import " 				Flying Ninja		": Invalid post type product [] []
[2022-01-23 21:35:08] merlin-logger.WARNING: Failed to import " 				Premium Quality		": Invalid post type product [] []
[2022-01-23 21:35:08] merlin-logger.WARNING: Failed to import " 				Woo Ninja		": Invalid post type product [] []
[2022-01-23 21:35:08] merlin-logger.WARNING: Failed to import " 				Woo Logo		": Invalid post type product [] []
[2022-01-23 21:35:08] merlin-logger.WARNING: Failed to import " 				Woo Single #2		": Invalid post type product [] []
[2022-01-23 21:35:08] merlin-logger.WARNING: Failed to import " 				Woo Ninja		": Invalid post type product [] []
[2022-01-23 21:35:08] merlin-logger.WARNING: Failed to import " 				Woo Logo		": Invalid post type product [] []
[2022-01-23 21:35:08] merlin-logger.WARNING: Failed to import " 				Ship Your Idea		": Invalid post type product [] []
[2022-01-23 21:35:08] merlin-logger.WARNING: Failed to import " 				Woo Album #1		": Invalid post type product [] []
[2022-01-23 21:35:08] merlin-logger.WARNING: Failed to import " 				Woo Album #2		": Invalid post type product [] []
[2022-01-23 21:35:08] merlin-logger.WARNING: Failed to import " 				Woo Album #3		": Invalid post type product [] []
[2022-01-23 21:35:08] merlin-logger.WARNING: Failed to import " 				Woo Single #1		": Invalid post type product [] []
[2022-01-23 21:35:08] merlin-logger.WARNING: Failed to import " 				Woo Album #4		": Invalid post type product [] []
[2022-01-23 21:35:08] merlin-logger.WARNING: Failed to import " 				Contact form 1		": Invalid post type wpcf7_contact_form [] []
[2022-01-23 21:35:08] merlin-logger.DEBUG: Running post-processing for post 3152 [] []
[2022-01-23 21:35:08] merlin-logger.WARNING: Could not find the author for "Home" (post #3152) [] []
[2022-01-23 21:35:08] merlin-logger.DEBUG: Post 3152 was imported with author "admin", but could not be found [] []
[2022-01-23 21:35:08] merlin-logger.DEBUG: Post 3152 was marked for post-processing, but none was required. [] []
[2022-01-23 21:35:08] merlin-logger.DEBUG: Running post-processing for post 3153 [] []
[2022-01-23 21:35:08] merlin-logger.WARNING: Could not find the author for "Category" (post #3153) [] []
[2022-01-23 21:35:08] merlin-logger.DEBUG: Post 3153 was imported with author "admin", but could not be found [] []
[2022-01-23 21:35:08] merlin-logger.DEBUG: Post 3153 was marked for post-processing, but none was required. [] []
[2022-01-23 21:35:08] merlin-logger.DEBUG: Running post-processing for post 3154 [] []
[2022-01-23 21:35:08] merlin-logger.WARNING: Could not find the author for "Features" (post #3154) [] []
[2022-01-23 21:35:08] merlin-logger.DEBUG: Post 3154 was imported with author "admin", but could not be found [] []
[2022-01-23 21:35:08] merlin-logger.DEBUG: Post 3154 was marked for post-processing, but none was required. [] []
[2022-01-23 21:35:08] merlin-logger.DEBUG: Running post-processing for post 3155 [] []
[2022-01-23 21:35:08] merlin-logger.WARNING: Could not find the author for "Styleguide" (post #3155) [] []
[2022-01-23 21:35:08] merlin-logger.DEBUG: Post 3155 was imported with author "admin", but could not be found [] []
[2022-01-23 21:35:08] merlin-logger.DEBUG: Post 3155 was marked for post-processing, but none was required. [] []
[2022-01-23 21:35:08] merlin-logger.DEBUG: Running post-processing for post 3156 [] []
[2022-01-23 21:35:08] merlin-logger.WARNING: Could not find the author for "" (post #3156) [] []
[2022-01-23 21:35:08] merlin-logger.DEBUG: Post 3156 was imported with author "admin", but could not be found [] []
[2022-01-23 21:35:08] merlin-logger.DEBUG: Post 3156 was marked for post-processing, but none was required. [] []
[2022-01-23 21:35:08] merlin-logger.DEBUG: Running post-processing for post 3157 [] []
[2022-01-23 21:35:08] merlin-logger.WARNING: Could not find the author for "Contact" (post #3157) [] []
[2022-01-23 21:35:08] merlin-logger.DEBUG: Post 3157 was imported with author "admin", but could not be found [] []
[2022-01-23 21:35:08] merlin-logger.DEBUG: Post 3157 was marked for post-processing, but none was required. [] []
[2022-01-23 21:35:08] merlin-logger.DEBUG: Running post-processing for post 3158 [] []
[2022-01-23 21:35:08] merlin-logger.WARNING: Could not find the author for "" (post #3158) [] []
[2022-01-23 21:35:08] merlin-logger.DEBUG: Post 3158 was imported with author "admin", but could not be found [] []
[2022-01-23 21:35:08] merlin-logger.DEBUG: Post 3158 was marked for post-processing, but none was required. [] []
[2022-01-23 21:35:08] merlin-logger.DEBUG: Running post-processing for post 3159 [] []
[2022-01-23 21:35:08] merlin-logger.WARNING: Could not find the author for "Shortcodes" (post #3159) [] []
[2022-01-23 21:35:08] merlin-logger.DEBUG: Post 3159 was imported with author "admin", but could not be found [] []
[2022-01-23 21:35:08] merlin-logger.DEBUG: Post 3159 was marked for post-processing, but none was required. [] []
[2022-01-23 21:35:08] merlin-logger.DEBUG: Running post-processing for post 3160 [] []
[2022-01-23 21:35:08] merlin-logger.WARNING: Could not find the author for "" (post #3160) [] []
[2022-01-23 21:35:08] merlin-logger.DEBUG: Post 3160 was imported with author "admin", but could not be found [] []
[2022-01-23 21:35:08] merlin-logger.DEBUG: Post 3160 was marked for post-processing, but none was required. [] []
[2022-01-23 21:35:08] merlin-logger.DEBUG: Running post-processing for post 3161 [] []
[2022-01-23 21:35:08] merlin-logger.WARNING: Could not find the author for "Sample Page" (post #3161) [] []
[2022-01-23 21:35:08] merlin-logger.DEBUG: Post 3161 was imported with author "admin", but could not be found [] []
[2022-01-23 21:35:08] merlin-logger.DEBUG: Post 3161 was marked for post-processing, but none was required. [] []
[2022-01-23 21:35:08] merlin-logger.DEBUG: Running post-processing for post 3162 [] []
[2022-01-23 21:35:08] merlin-logger.WARNING: Could not find the author for "Standard and Custom Widgets" (post #3162) [] []
[2022-01-23 21:35:08] merlin-logger.DEBUG: Post 3162 was imported with author "admin", but could not be found [] []
[2022-01-23 21:35:08] merlin-logger.DEBUG: Post 3162 was marked for post-processing, but none was required. [] []
[2022-01-23 21:35:08] merlin-logger.DEBUG: Running post-processing for post 3163 [] []
[2022-01-23 21:35:08] merlin-logger.WARNING: Could not find the author for "Shop" (post #3163) [] []
[2022-01-23 21:35:08] merlin-logger.DEBUG: Post 3163 was imported with author "admin", but could not be found [] []
[2022-01-23 21:35:08] merlin-logger.DEBUG: Post 3163 was marked for post-processing, but none was required. [] []
[2022-01-23 21:35:08] merlin-logger.DEBUG: Running post-processing for post 3164 [] []
[2022-01-23 21:35:08] merlin-logger.WARNING: Could not find the author for "Cart" (post #3164) [] []
[2022-01-23 21:35:08] merlin-logger.DEBUG: Post 3164 was imported with author "admin", but could not be found [] []
[2022-01-23 21:35:08] merlin-logger.DEBUG: Post 3164 was marked for post-processing, but none was required. [] []
[2022-01-23 21:35:08] merlin-logger.DEBUG: Running post-processing for post 3165 [] []
[2022-01-23 21:35:08] merlin-logger.WARNING: Could not find the author for "Facebook" (post #3165) [] []
[2022-01-23 21:35:08] merlin-logger.DEBUG: Post 3165 was imported with author "admin", but could not be found [] []
[2022-01-23 21:35:08] merlin-logger.DEBUG: Post 3165 was marked for post-processing, but none was required. [] []
[2022-01-23 21:35:08] merlin-logger.DEBUG: Running post-processing for post 3166 [] []
[2022-01-23 21:35:08] merlin-logger.WARNING: Could not find the author for "Twitter" (post #3166) [] []
[2022-01-23 21:35:08] merlin-logger.DEBUG: Post 3166 was imported with author "admin", but could not be found [] []
[2022-01-23 21:35:08] merlin-logger.DEBUG: Post 3166 was marked for post-processing, but none was required. [] []
[2022-01-23 21:35:08] merlin-logger.DEBUG: Running post-processing for post 3167 [] []
[2022-01-23 21:35:08] merlin-logger.WARNING: Could not find the author for "Instagram" (post #3167) [] []
[2022-01-23 21:35:08] merlin-logger.DEBUG: Post 3167 was imported with author "admin", but could not be found [] []
[2022-01-23 21:35:08] merlin-logger.DEBUG: Post 3167 was marked for post-processing, but none was required. [] []
[2022-01-23 21:35:08] merlin-logger.DEBUG: Running post-processing for post 3168 [] []
[2022-01-23 21:35:08] merlin-logger.WARNING: Could not find the author for "WordPress 5.0 blocks" (post #3168) [] []
[2022-01-23 21:35:08] merlin-logger.DEBUG: Post 3168 was imported with author "admin", but could not be found [] []
[2022-01-23 21:35:08] merlin-logger.DEBUG: Post 3168 was marked for post-processing, but none was required. [] []
[2022-01-23 21:35:08] merlin-logger.DEBUG: Running post-processing for post 3169 [] []
[2022-01-23 21:35:08] merlin-logger.WARNING: Could not find the author for "Page" (post #3169) [] []
[2022-01-23 21:35:08] merlin-logger.DEBUG: Post 3169 was imported with author "admin", but could not be found [] []
[2022-01-23 21:35:08] merlin-logger.DEBUG: Post 3169 was marked for post-processing, but none was required. [] []
[2022-01-23 21:35:08] merlin-logger.DEBUG: Running post-processing for post 3170 [] []
[2022-01-23 21:35:08] merlin-logger.WARNING: Could not find the author for "Post" (post #3170) [] []
[2022-01-23 21:35:08] merlin-logger.DEBUG: Post 3170 was imported with author "admin", but could not be found [] []
[2022-01-23 21:35:08] merlin-logger.DEBUG: Post 3170 was marked for post-processing, but none was required. [] []
[2022-01-23 21:35:08] merlin-logger.DEBUG: Running post-processing for post 3171 [] []
[2022-01-23 21:35:08] merlin-logger.WARNING: Could not find the author for "" (post #3171) [] []
[2022-01-23 21:35:08] merlin-logger.DEBUG: Post 3171 was imported with author "admin", but could not be found [] []
[2022-01-23 21:35:08] merlin-logger.DEBUG: Post 3171 was marked for post-processing, but none was required. [] []
[2022-01-23 21:35:08] merlin-logger.DEBUG: Running post-processing for post 3172 [] []
[2022-01-23 21:35:08] merlin-logger.WARNING: Could not find the author for "The last time I felt it was a long time ago" (post #3172) [] []
[2022-01-23 21:35:08] merlin-logger.DEBUG: Post 3172 was imported with author "admin", but could not be found [] []
[2022-01-23 21:35:08] merlin-logger.DEBUG: Post 3172 was marked for post-processing, but none was required. [] []
[2022-01-23 21:35:08] merlin-logger.DEBUG: Running post-processing for post 3173 [] []
[2022-01-23 21:35:08] merlin-logger.WARNING: Could not find the author for "The plans will soon be back in our hands" (post #3173) [] []
[2022-01-23 21:35:08] merlin-logger.DEBUG: Post 3173 was imported with author "admin", but could not be found [] []
[2022-01-23 21:35:08] merlin-logger.DEBUG: Post 3173 was marked for post-processing, but none was required. [] []
[2022-01-23 21:35:08] merlin-logger.DEBUG: Running post-processing for post 3174 [] []
[2022-01-23 21:35:08] merlin-logger.WARNING: Could not find the author for "He must have hidden the plans in the pod" (post #3174) [] []
[2022-01-23 21:35:08] merlin-logger.DEBUG: Post 3174 was imported with author "admin", but could not be found [] []
[2022-01-23 21:35:08] merlin-logger.DEBUG: Post 3174 was marked for post-processing, but none was required. [] []
[2022-01-23 21:35:08] merlin-logger.DEBUG: Running post-processing for post 3175 [] []
[2022-01-23 21:35:08] merlin-logger.WARNING: Could not find the author for "She is my only link to finding the secret base" (post #3175) [] []
[2022-01-23 21:35:08] merlin-logger.DEBUG: Post 3175 was imported with author "admin", but could not be found [] []
[2022-01-23 21:35:08] merlin-logger.DEBUG: Post 3175 was marked for post-processing, but none was required. [] []
[2022-01-23 21:35:08] merlin-logger.DEBUG: Running post-processing for post 3176 [] []
[2022-01-23 21:35:08] merlin-logger.WARNING: Could not find the author for "You need to learn the ways of the Force" (post #3176) [] []
[2022-01-23 21:35:08] merlin-logger.DEBUG: Post 3176 was imported with author "admin", but could not be found [] []
[2022-01-23 21:35:08] merlin-logger.DEBUG: Post 3176 was marked for post-processing, but none was required. [] []
[2022-01-23 21:35:08] merlin-logger.DEBUG: Running post-processing for post 3177 [] []
[2022-01-23 21:35:08] merlin-logger.WARNING: Could not find the author for "There&#8217;s an energy field that controls destiny" (post #3177) [] []
[2022-01-23 21:35:08] merlin-logger.DEBUG: Post 3177 was imported with author "admin", but could not be found [] []
[2022-01-23 21:35:08] merlin-logger.DEBUG: Post 3177 was marked for post-processing, but none was required. [] []
[2022-01-23 21:35:08] merlin-logger.DEBUG: Running post-processing for post 3178 [] []
[2022-01-23 21:35:08] merlin-logger.WARNING: Could not find the author for "Saving the world with meals on wheels" (post #3178) [] []
[2022-01-23 21:35:08] merlin-logger.DEBUG: Post 3178 was imported with author "admin", but could not be found [] []
[2022-01-23 21:35:08] merlin-logger.DEBUG: Post 3178 was marked for post-processing, but none was required. [] []
[2022-01-23 21:35:08] merlin-logger.DEBUG: Running post-processing for post 3179 [] []
[2022-01-23 21:35:08] merlin-logger.WARNING: Could not find the author for "Give a little credit to our public schools" (post #3179) [] []
[2022-01-23 21:35:08] merlin-logger.DEBUG: Post 3179 was imported with author "admin", but could not be found [] []
[2022-01-23 21:35:08] merlin-logger.DEBUG: Post 3179 was marked for post-processing, but none was required. [] []
[2022-01-23 21:35:08] merlin-logger.DEBUG: Running post-processing for post 3180 [] []
[2022-01-23 21:35:08] merlin-logger.WARNING: Could not find the author for "Have you ever tried turning off the TV?" (post #3180) [] []
[2022-01-23 21:35:08] merlin-logger.DEBUG: Post 3180 was imported with author "admin", but could not be found [] []
[2022-01-23 21:35:08] merlin-logger.DEBUG: Post 3180 was marked for post-processing, but none was required. [] []
[2022-01-23 21:35:08] merlin-logger.DEBUG: Running post-processing for post 3181 [] []
[2022-01-23 21:35:08] merlin-logger.WARNING: Could not find the author for "Just like the story of the grasshopper" (post #3181) [] []
[2022-01-23 21:35:08] merlin-logger.DEBUG: Post 3181 was imported with author "admin", but could not be found [] []
[2022-01-23 21:35:08] merlin-logger.DEBUG: Post 3181 was marked for post-processing, but none was required. [] []
[2022-01-23 21:35:08] merlin-logger.DEBUG: Running post-processing for post 3182 [] []
[2022-01-23 21:35:08] merlin-logger.WARNING: Could not find the author for "On second thoughts let&#8217;s not go there" (post #3182) [] []
[2022-01-23 21:35:08] merlin-logger.DEBUG: Post 3182 was imported with author "admin", but could not be found [] []
[2022-01-23 21:35:08] merlin-logger.DEBUG: Post 3182 was marked for post-processing, but none was required. [] []
[2022-01-23 21:35:08] merlin-logger.DEBUG: Running post-processing for post 3183 [] []
[2022-01-23 21:35:08] merlin-logger.WARNING: Could not find the author for "This habit will immediately improve your life" (post #3183) [] []
[2022-01-23 21:35:08] merlin-logger.DEBUG: Post 3183 was imported with author "admin", but could not be found [] []
[2022-01-23 21:35:08] merlin-logger.DEBUG: Post 3183 was marked for post-processing, but none was required. [] []
[2022-01-23 21:35:08] merlin-logger.DEBUG: Running post-processing for post 3184 [] []
[2022-01-23 21:35:09] merlin-logger.WARNING: Could not find the author for "You should start running right now" (post #3184) [] []
[2022-01-23 21:35:09] merlin-logger.DEBUG: Post 3184 was imported with author "admin", but could not be found [] []
[2022-01-23 21:35:09] merlin-logger.DEBUG: Post 3184 was marked for post-processing, but none was required. [] []
[2022-01-23 21:35:09] merlin-logger.DEBUG: Running post-processing for post 3185 [] []
[2022-01-23 21:35:09] merlin-logger.WARNING: Could not find the author for "Lessons I’ve learned by staying positive" (post #3185) [] []
[2022-01-23 21:35:09] merlin-logger.DEBUG: Post 3185 was imported with author "admin", but could not be found [] []
[2022-01-23 21:35:09] merlin-logger.DEBUG: Post 3185 was marked for post-processing, but none was required. [] []
[2022-01-23 21:35:09] merlin-logger.DEBUG: Running post-processing for post 3186 [] []
[2022-01-23 21:35:09] merlin-logger.WARNING: Could not find the author for "Why do people think clouds are interesting?" (post #3186) [] []
[2022-01-23 21:35:09] merlin-logger.DEBUG: Post 3186 was imported with author "admin", but could not be found [] []
[2022-01-23 21:35:09] merlin-logger.DEBUG: Post 3186 was marked for post-processing, but none was required. [] []
[2022-01-23 21:35:09] merlin-logger.DEBUG: Running post-processing for post 3187 [] []
[2022-01-23 21:35:09] merlin-logger.WARNING: Could not find the author for "Take your music with you everywhere" (post #3187) [] []
[2022-01-23 21:35:09] merlin-logger.DEBUG: Post 3187 was imported with author "admin", but could not be found [] []
[2022-01-23 21:35:09] merlin-logger.DEBUG: Post 3187 was marked for post-processing, but none was required. [] []
[2022-01-23 21:35:09] merlin-logger.DEBUG: Running post-processing for post 3188 [] []
[2022-01-23 21:35:09] merlin-logger.WARNING: Could not find the author for "Your questions have become more redundant" (post #3188) [] []
[2022-01-23 21:35:09] merlin-logger.DEBUG: Post 3188 was imported with author "admin", but could not be found [] []
[2022-01-23 21:35:09] merlin-logger.DEBUG: Post 3188 was marked for post-processing, but none was required. [] []
[2022-01-23 21:35:09] merlin-logger.DEBUG: Running post-processing for post 3189 [] []
[2022-01-23 21:35:09] merlin-logger.WARNING: Could not find the author for "Checkout" (post #3189) [] []
[2022-01-23 21:35:09] merlin-logger.DEBUG: Post 3189 was imported with author "admin", but could not be found [] []
[2022-01-23 21:35:09] merlin-logger.DEBUG: Post 3189 was marked for post-processing, but none was required. [] []
[2022-01-23 21:35:09] merlin-logger.DEBUG: Running post-processing for post 3190 [] []
[2022-01-23 21:35:09] merlin-logger.WARNING: Could not find the author for "My account" (post #3190) [] []
[2022-01-23 21:35:09] merlin-logger.DEBUG: Post 3190 was imported with author "admin", but could not be found [] []
[2022-01-23 21:35:09] merlin-logger.DEBUG: Post 3190 was marked for post-processing, but none was required. [] []
[2022-01-23 21:35:09] merlin-logger.DEBUG: Running post-processing for post 3191 [] []
[2022-01-23 21:35:09] merlin-logger.WARNING: Could not find the author for "Blocks (WP 5.0+ / Gutenberg)" (post #3191) [] []
[2022-01-23 21:35:09] merlin-logger.DEBUG: Post 3191 was imported with author "admin", but could not be found [] []
[2022-01-23 21:35:09] merlin-logger.DEBUG: Post 3191 was marked for post-processing, but none was required. [] []
[2022-01-23 21:35:09] merlin-logger.DEBUG: Running post-processing for post 3192 [] []
[2022-01-23 21:35:09] merlin-logger.WARNING: Could not find the author for "What could possibly go wrong?" (post #3192) [] []
[2022-01-23 21:35:09] merlin-logger.DEBUG: Post 3192 was imported with author "admin", but could not be found [] []
[2022-01-23 21:35:09] merlin-logger.DEBUG: Post 3192 was marked for post-processing, but none was required. [] []
[2022-01-23 21:35:09] merlin-logger.DEBUG: Running post-processing for post 3193 [] []
[2022-01-23 21:35:09] merlin-logger.WARNING: Could not find the author for "She was having the most beautiful dream" (post #3193) [] []
[2022-01-23 21:35:09] merlin-logger.DEBUG: Post 3193 was imported with author "admin", but could not be found [] []
[2022-01-23 21:35:09] merlin-logger.DEBUG: Post 3193 was marked for post-processing, but none was required. [] []
[2022-01-23 21:35:09] merlin-logger.DEBUG: Running post-processing for post 3194 [] []
[2022-01-23 21:35:09] merlin-logger.WARNING: Could not find the author for "A beautiful blog with no images required" (post #3194) [] []
[2022-01-23 21:35:09] merlin-logger.DEBUG: Post 3194 was imported with author "admin", but could not be found [] []
[2022-01-23 21:35:09] merlin-logger.DEBUG: Post 3194 was marked for post-processing, but none was required. [] []
[2022-01-23 21:35:09] merlin-logger.DEBUG: Running post-processing for post 3195 [] []
[2022-01-23 21:35:09] merlin-logger.WARNING: Could not find the author for "Something that I&#8217;ve never told anyone before" (post #3195) [] []
[2022-01-23 21:35:09] merlin-logger.DEBUG: Post 3195 was imported with author "admin", but could not be found [] []
[2022-01-23 21:35:09] merlin-logger.DEBUG: Post 3195 was marked for post-processing, but none was required. [] []
[2022-01-23 21:35:09] merlin-logger.DEBUG: Running post-processing for post 3196 [] []
[2022-01-23 21:35:09] merlin-logger.WARNING: Could not find the author for "This man is a knight in shining armor" (post #3196) [] []
[2022-01-23 21:35:09] merlin-logger.DEBUG: Post 3196 was imported with author "admin", but could not be found [] []
[2022-01-23 21:35:09] merlin-logger.DEBUG: Post 3196 was marked for post-processing, but none was required. [] []
[2022-01-23 21:35:09] merlin-logger.DEBUG: Running post-processing for post 3197 [] []
[2022-01-23 21:35:09] merlin-logger.WARNING: Could not find the author for "Finding a needle in a haystack isn&#8217;t hard" (post #3197) [] []
[2022-01-23 21:35:09] merlin-logger.DEBUG: Post 3197 was imported with author "admin", but could not be found [] []
[2022-01-23 21:35:09] merlin-logger.DEBUG: Post 3197 was marked for post-processing, but none was required. [] []
[2022-01-23 21:35:09] merlin-logger.DEBUG: Running post-processing for post 3198 [] []
[2022-01-23 21:35:09] merlin-logger.WARNING: Could not find the author for "There&#8217;s only one man I&#8217;ve ever called a coward" (post #3198) [] []
[2022-01-23 21:35:09] merlin-logger.DEBUG: Post 3198 was imported with author "admin", but could not be found [] []
[2022-01-23 21:35:09] merlin-logger.DEBUG: Post 3198 was marked for post-processing, but none was required. [] []
[2022-01-23 21:35:09] merlin-logger.DEBUG: Running post-processing for post 3199 [] []
[2022-01-23 21:35:09] merlin-logger.WARNING: Could not find the author for "Are you suggesting that coconuts migrate?" (post #3199) [] []
[2022-01-23 21:35:09] merlin-logger.DEBUG: Post 3199 was imported with author "admin", but could not be found [] []
[2022-01-23 21:35:09] merlin-logger.DEBUG: Post 3199 was marked for post-processing, but none was required. [] []
[2022-01-23 21:35:09] merlin-logger.DEBUG: Running post-processing for post 3200 [] []
[2022-01-23 21:35:09] merlin-logger.WARNING: Could not find the author for "Now leave before I am forced to taunt you" (post #3200) [] []
[2022-01-23 21:35:09] merlin-logger.DEBUG: Post 3200 was imported with author "admin", but could not be found [] []
[2022-01-23 21:35:09] merlin-logger.DEBUG: Post 3200 was marked for post-processing, but none was required. [] []
[2022-01-23 21:35:09] merlin-logger.DEBUG: Running post-processing for post 3201 [] []
[2022-01-23 21:35:09] merlin-logger.WARNING: Could not find the author for "Knights, I bid you welcome to your new home" (post #3201) [] []
[2022-01-23 21:35:09] merlin-logger.DEBUG: Post 3201 was imported with author "admin", but could not be found [] []
[2022-01-23 21:35:09] merlin-logger.DEBUG: Post 3201 was marked for post-processing, but none was required. [] []
[2022-01-23 21:35:09] merlin-logger.DEBUG: Running post-processing for post 3202 [] []
[2022-01-23 21:35:09] merlin-logger.WARNING: Could not find the author for "Coffee may be served in a variety of ways" (post #3202) [] []
[2022-01-23 21:35:09] merlin-logger.DEBUG: Post 3202 was imported with author "admin", but could not be found [] []
[2022-01-23 21:35:09] merlin-logger.DEBUG: Post 3202 was marked for post-processing, but none was required. [] []
[2022-01-23 21:35:09] merlin-logger.DEBUG: Running post-processing for post 3203 [] []
[2022-01-23 21:35:09] merlin-logger.WARNING: Could not find the author for "The simplest ways to choose the best coffee" (post #3203) [] []
[2022-01-23 21:35:09] merlin-logger.DEBUG: Post 3203 was imported with author "admin", but could not be found [] []
[2022-01-23 21:35:09] merlin-logger.DEBUG: Post 3203 was marked for post-processing, but none was required. [] []
[2022-01-23 21:35:09] merlin-logger.DEBUG: Running post-processing for post 3204 [] []
[2022-01-23 21:35:09] merlin-logger.WARNING: Could not find the author for "What does your pet really think about you?" (post #3204) [] []
[2022-01-23 21:35:09] merlin-logger.DEBUG: Post 3204 was imported with author "admin", but could not be found [] []
[2022-01-23 21:35:09] merlin-logger.DEBUG: Post 3204 was marked for post-processing, but none was required. [] []
[2022-01-23 21:35:09] merlin-logger.WARNING: Could not find the author for comment #1361793 [] []
[2022-01-23 21:35:09] merlin-logger.DEBUG: Comment 1361793 was imported with author 4, but could not be found [] []
[2022-01-23 21:35:09] merlin-logger.WARNING: Could not find the author for comment #1361794 [] []
[2022-01-23 21:35:09] merlin-logger.DEBUG: Comment 1361794 was imported with author 2, but could not be found [] []
[2022-01-23 21:35:09] merlin-logger.WARNING: Could not find the author for comment #1361795 [] []
[2022-01-23 21:35:09] merlin-logger.DEBUG: Comment 1361795 was imported with author 3, but could not be found [] []
[2022-01-23 21:35:09] merlin-logger.WARNING: Could not find the author for comment #1361796 [] []
[2022-01-23 21:35:09] merlin-logger.DEBUG: Comment 1361796 was imported with author 4, but could not be found [] []
[2022-01-23 21:35:09] merlin-logger.WARNING: Could not find the author for comment #1361797 [] []
[2022-01-23 21:35:09] merlin-logger.DEBUG: Comment 1361797 was imported with author 2, but could not be found [] []
[2022-01-23 21:35:09] merlin-logger.WARNING: Could not find the author for comment #1361798 [] []
[2022-01-23 21:35:09] merlin-logger.DEBUG: Comment 1361798 was imported with author 3, but could not be found [] []
[2022-01-23 21:35:09] merlin-logger.WARNING: Could not find the author for comment #1361799 [] []
[2022-01-23 21:35:09] merlin-logger.DEBUG: Comment 1361799 was imported with author 2, but could not be found [] []
[2022-01-23 21:35:09] merlin-logger.WARNING: Could not find the author for comment #1361800 [] []
[2022-01-23 21:35:09] merlin-logger.DEBUG: Comment 1361800 was imported with author 4, but could not be found [] []
[2022-01-23 21:35:09] merlin-logger.WARNING: Could not find the author for comment #1361801 [] []
[2022-01-23 21:35:09] merlin-logger.DEBUG: Comment 1361801 was imported with author 4, but could not be found [] []
[2022-01-23 21:35:09] merlin-logger.WARNING: Could not find the author for comment #1361802 [] []
[2022-01-23 21:35:09] merlin-logger.DEBUG: Comment 1361802 was imported with author 4, but could not be found [] []
[2022-01-23 21:35:09] merlin-logger.WARNING: Could not find the author for comment #1361803 [] []
[2022-01-23 21:35:09] merlin-logger.DEBUG: Comment 1361803 was imported with author 4, but could not be found [] []
[2022-01-23 21:35:09] merlin-logger.WARNING: Could not find the author for comment #1361804 [] []
[2022-01-23 21:35:09] merlin-logger.DEBUG: Comment 1361804 was imported with author 2, but could not be found [] []
[2022-01-23 21:35:09] merlin-logger.WARNING: Could not find the author for comment #1361805 [] []
[2022-01-23 21:35:09] merlin-logger.DEBUG: Comment 1361805 was imported with author 3, but could not be found [] []
[2022-01-23 21:35:09] merlin-logger.WARNING: Could not find the author for comment #1361806 [] []
[2022-01-23 21:35:09] merlin-logger.DEBUG: Comment 1361806 was imported with author 4, but could not be found [] []
[2022-01-23 21:35:09] merlin-logger.WARNING: Could not find the author for comment #1361807 [] []
[2022-01-23 21:35:09] merlin-logger.DEBUG: Comment 1361807 was imported with author 2, but could not be found [] []
[2022-01-23 21:35:09] merlin-logger.WARNING: Could not find the author for comment #1361808 [] []
[2022-01-23 21:35:09] merlin-logger.DEBUG: Comment 1361808 was imported with author 3, but could not be found [] []
[2022-01-23 21:35:09] merlin-logger.WARNING: Could not find the author for comment #1361809 [] []
[2022-01-23 21:35:09] merlin-logger.DEBUG: Comment 1361809 was imported with author 4, but could not be found [] []
[2022-01-23 21:35:09] merlin-logger.WARNING: Could not find the author for comment #1361811 [] []
[2022-01-23 21:35:09] merlin-logger.DEBUG: Comment 1361811 was imported with author 3, but could not be found [] []
[2022-01-23 21:35:09] merlin-logger.WARNING: Could not find the author for comment #1361812 [] []
[2022-01-23 21:35:09] merlin-logger.DEBUG: Comment 1361812 was imported with author 2, but could not be found [] []
[2022-01-23 21:35:09] merlin-logger.WARNING: Could not find the author for comment #1361813 [] []
[2022-01-23 21:35:09] merlin-logger.DEBUG: Comment 1361813 was imported with author 4, but could not be found [] []
[2022-01-23 21:35:09] merlin-logger.WARNING: Could not find the author for comment #1361814 [] []
[2022-01-23 21:35:09] merlin-logger.DEBUG: Comment 1361814 was imported with author 3, but could not be found [] []
[2022-01-23 21:35:09] merlin-logger.DEBUG: The home page was set {"homepage_id":"[object] (WP_Post: {\"ID\":3152,\"post_author\":\"1\",\"post_date\":\"2017-03-01 10:48:27\",\"post_date_gmt\":\"2017-03-01 10:48:27\",\"post_content\":\"\\n\\t\\t\\t\\t<!-- wp:html -->\\n<div style=\\\"max-width: 720px; margin:0 auto; display:inline-block;\\\">\\n<h1 style=\\\"text-align: center;\\\">This is the home page content</h1>\\n<p style=\\\"text-align: center; margin-bottom: 0;\\\">You can choose from several different content types to display here. This example shows the home page content displayed in this area. Whatever you put in the home page editor will automatically appear here.</p>\\n</div>\\n<!-- /wp:html -->\\t\\t\",\"post_title\":\"Home\",\"post_excerpt\":\"\",\"post_status\":\"publish\",\"comment_status\":\"closed\",\"ping_status\":\"closed\",\"post_password\":\"\",\"post_name\":\"home\",\"to_ping\":\"\",\"pinged\":\"\",\"post_modified\":\"2017-03-01 10:48:27\",\"post_modified_gmt\":\"2017-03-01 10:48:27\",\"post_content_filtered\":\"\",\"post_parent\":0,\"guid\":\"https://demo.mekshq.com/typology/?page_id=35\",\"menu_order\":0,\"post_type\":\"page\",\"post_mime_type\":\"\",\"comment_count\":\"0\",\"filter\":\"raw\"})"} []
[2022-01-23 21:35:11] merlin-logger.INFO: The content import AJAX call will be executed with this import data {"title":"Redux Options","data":[{"file_path":"/home/tomleewt/public_html/wp-content/themes/typology/inc/demos/01_default/options.json","option_name":"typology_settings"}]} []
[2022-01-23 21:35:11] merlin-logger.ERROR: The content import AJAX call failed with this passed data {"selected_content_index":0,"importing_content":"redux","importing_data":[{"file_path":"/home/tomleewt/public_html/wp-content/themes/typology/inc/demos/01_default/options.json","option_name":"typology_settings"}]} []
[2022-01-23 21:35:13] merlin-logger.INFO: The content import AJAX call will be executed with this import data {"title":"Widgets","data":"/home/tomleewt/public_html/wp-content/themes/typology/inc/demos/01_default/widgets.json"} []
[2022-01-23 21:35:13] merlin-logger.DEBUG: Default Sidebar :   Meks Smart Author - About me - Imported Meks Social Widget - Get in touch - Imported  Footer Center :   Text - No Title - Imported  typology_woocommerce_sidebar : Sidebar does not exist in theme (moving widget to Inactive)  woocommerce_products - Products - Site does not support widget woocommerce_widget_cart - Cart - Site does not support widget  typology_demo_sidebar : Sidebar does not exist in theme (moving widget to Inactive)  Meks Easy Instagram Widget - Instagram - Imported to Inactive Search - Search - Imported to Inactive Recent Posts - Recent Posts - Imported to Inactive Tag Cloud - Tag Cloud - Imported to Inactive Categories - Categories - Imported to Inactive Typology Posts - Custom Posts Widget - Imported to Inactive Typology Posts - Custom Posts Widget - Imported to Inactive Meks Ads Widget - Custom Ads - Imported to Inactive Meks Smart Author - Custom Author Widget - Imported to Inactive Meks Social Widget - Custom Social Widget - Imported to Inactive Meks Flickr Widget - Custom Flickr Widget - Imported to Inactive  typology_footer_sidebar_left_demo : Sidebar does not exist in theme (moving widget to Inactive)  Text - About us - Imported to Inactive  typology_footer_sidebar_center_demo : Sidebar does not exist in theme (moving widget to Inactive)  Text - Newsletter - Imported to Inactive  typology_footer_sidebar_right_demo : Sidebar does not exist in theme (moving widget to Inactive)  Meks Social Widget - Follow us - Imported to Inactive   [] []
[2022-01-23 21:35:15] merlin-logger.INFO: The content import AJAX call will be executed with this import data {"title":"After import setup","data":0} []
[2022-01-23 21:35:19] merlin-logger.DEBUG: The final step has been displayed [] []
